[02:19:31] [main/INFO]: Loading Minecraft 1.20.1 with Fabric Loader 0.16.5
[02:19:31] [ForkJoinPool-1-worker-1/WARN]: Mod mr_dungeons_andtaverns uses the version 3.0.3.f which isn't compatible with Loader's extended semantic version format (Could not parse version number component 'f'!), SemVer is recommended for reliably evaluating dependencies and prioritizing newer version
[02:19:31] [ForkJoinPool-1-worker-2/WARN]: Mod travelersbackpack uses the version fabric-1.20.1-9.1.16 which isn't compatible with Loader's extended semantic version format (Could not parse version number component 'fabric'!), SemVer is recommended for reliably evaluating dependencies and prioritizing newer version
[02:19:31] [ForkJoinPool-1-worker-3/WARN]: Mod ultris_mr uses the version 5.6.9c which isn't compatible with Loader's extended semantic version format (Could not parse version number component '9c'!), SemVer is recommended for reliably evaluating dependencies and prioritizing newer version
[02:19:31] [ForkJoinPool-1-worker-3/WARN]: The mod "necronomicon" contains invalid entries in its mod json:
- Unsupported root entry "credits" at line 10 column 14
[02:19:31] [ForkJoinPool-1-worker-2/WARN]: The mod "dungeons_arise" contains invalid entries in its mod json:
- Unsupported root entry "credits" at line 12 column 12
[02:19:31] [ForkJoinPool-1-worker-4/WARN]: Mod irisflw uses the version 1.1.3a which isn't compatible with Loader's extended semantic version format (Could not parse version number component '3a'!), SemVer is recommended for reliably evaluating dependencies and prioritizing newer version
[02:19:32] [main/WARN]: Warnings were found!
 - Mod 'SimplySkills' (simplyskills) 1.6.2+1.20.1 recommends version 1.4.2+1.20.1 or later of amethyst_core, which is missing!
	 - You should install version 1.4.2+1.20.1 or later of amethyst_core for the optimal experience.
 - Mod 'Simply Swords' (simplyswords) 1.56.0-1.20.1 recommends version 1.7.2 or later of bettercombat, which is missing!
	 - You should install version 1.7.2 or later of bettercombat for the optimal experience.
 - Mod 'Spellblades and Such' (spellbladenext) 1.20.4 recommends version 1.2.0+1.20.1 of mod 'Paladins & Priests (RPG Series)' (paladins), but only the wrong version is present: 1.3.1+1.20.1!
	 - You should install version 1.2.0+1.20.1 of mod 'Paladins & Priests (RPG Series)' (paladins) for the optimal experience.
[02:19:32] [main/INFO]: Loading 268 mods:
	- advancednetherite 2.1.3-1.20.1
	- adventurez 1.4.20
	- antique_atlas 2.9.17+1.20
	   \-- surveyor 0.6.23+1.20
	        \-- folk_sisby_kaleido-config 0.3.1+1.3.2
	- aquamirae 6
	- architectury 9.2.14
	- artifacts 9.5.12
	   |-- cardinal-components-base 5.2.2
	   |-- cardinal-components-entity 5.2.2
	   |-- expandability 9.0.4
	   \-- step-height-entity-attribute 1.2.0
	- attributefix 21.0.4
	- azurelib 2.0.31
	- azurelibarmor 2.0.6
	- balm-fabric 7.3.9
	   \-- kuma_api 20.1.8
	- bclib 3.0.14
	   \-- wunderlib 1.1.5
	- betterbiomeblend 1.4.2
	- betterdungeons 1.20-Fabric-4.0.4
	   \-- org_reflections_reflections 0.10.2
	- bettermineshafts 1.20-Fabric-4.0.4
	- betternether 9.0.10
	- betterstrongholds 1.20-Fabric-4.0.3
	- bosses_of_mass_destruction 1.7.5-1.20.1
	   |-- maelstrom_library 1.6.1-1.20
	   \-- multipart_entities 1.5-1.20
	- c2me 0.2.0+alpha.11.13
	   |-- c2me-base 0.2.0+alpha.11.13
	   |-- c2me-client-uncapvd 0.2.0+alpha.11.13
	   |-- c2me-fixes-chunkio-threading-issues 0.2.0+alpha.11.13
	   |-- c2me-fixes-general-threading-issues 0.2.0+alpha.11.13
	   |-- c2me-fixes-worldgen-threading-issues 0.2.0+alpha.11.13
	   |-- c2me-fixes-worldgen-vanilla-bugs 0.2.0+alpha.11.13
	   |-- c2me-notickvd 0.2.0+alpha.11.13
	   |-- c2me-opts-allocs 0.2.0+alpha.11.13
	   |-- c2me-opts-chunk-access 0.2.0+alpha.11.13
	   |-- c2me-opts-chunkio 0.2.0+alpha.11.13
	   |-- c2me-opts-math 0.2.0+alpha.11.13
	   |-- c2me-opts-scheduling 0.2.0+alpha.11.13
	   |-- c2me-opts-worldgen-general 0.2.0+alpha.11.13
	   |-- c2me-opts-worldgen-vanilla 0.2.0+alpha.11.13
	   |-- c2me-rewrites-chunk-serializer 0.2.0+alpha.11.13
	   |-- c2me-rewrites-chunkio 0.2.0+alpha.11.13
	   |-- c2me-server-utils 0.2.0+alpha.11.13
	   |-- c2me-threading-chunkio 0.2.0+alpha.11.13
	   |-- c2me-threading-lighting 0.2.0+alpha.11.13
	   |-- c2me-threading-worldgen 0.2.0+alpha.11.13
	   |-- com_ibm_async_asyncutil 0.1.0
	   |-- net_objecthunter_exp4j 0.4.8
	   \-- org_threadly_threadly 7.0
	- cardinal-components 5.2.2
	   |-- cardinal-components-block 5.2.2
	   |-- cardinal-components-chunk 5.2.2
	   |-- cardinal-components-item 5.2.2
	   |-- cardinal-components-level 5.2.2
	   |-- cardinal-components-scoreboard 5.2.2
	   \-- cardinal-components-world 5.2.2
	- cavedust 3.0.0
	   \-- kirin 1.15.6+1.20.1
	- chunky 1.3.146
	- chunkyextended 2.1.1
	- cicada 0.8.3+1.20.1
	- cloth-config 11.1.118
	   \-- cloth-basic-math 0.6.1
	- companion 5.2.0
	- creativecore 2.11.33
	   \-- net_minecraftforge_eventbus 6.0.3
	- deeperdarker 1.3.2
	   \-- customportalapi 0.0.1-beta64-1.20
	- diagonalfences 8.1.4
	   \-- diagonalblocks 8.0.5
	- do_a_barrel_roll 3.6.1+1.20.1
	   |-- fabric-permissions-api-v0 0.2-SNAPSHOT
	   \-- mixinsquared 0.1.1
	- dungeon_difficulty 2.2.1+1.20.1
	   \-- com_github_zsoltmolnarrr_tinyconfig 2.3.2
	- dungeons_arise 2.1.57
	- emi 1.1.12+1.20.1+fabric
	- emi_loot 0.7.1+1.20.1
	- entityculling 1.7.0
	- essential_commands 0.35.3-mc1.20.1
	   |-- ec-core 1.3.0-mc1.20.1
	   |    |-- fabric-permissions-api-v0 0.2-SNAPSHOT
	   |    \-- playerabilitylib 1.8.0
	   |-- fabric-permissions-api-v0 0.2-SNAPSHOT
	   |-- org_yaml_snakeyaml 2.0
	   \-- playerabilitylib 1.8.0
	- extraspellattributes 1.2.11
	- fabric-api 0.92.2+1.20.1
	   |-- fabric-api-base 0.4.31+1802ada577
	   |-- fabric-api-lookup-api-v1 1.6.36+1802ada577
	   |-- fabric-biome-api-v1 13.0.13+1802ada577
	   |-- fabric-block-api-v1 1.0.11+1802ada577
	   |-- fabric-block-view-api-v2 1.0.1+1802ada577
	   |-- fabric-blockrenderlayer-v1 1.1.41+1802ada577
	   |-- fabric-client-tags-api-v1 1.1.2+1802ada577
	   |-- fabric-command-api-v1 1.2.34+f71b366f77
	   |-- fabric-command-api-v2 2.2.13+1802ada577
	   |-- fabric-commands-v0 0.2.51+df3654b377
	   |-- fabric-containers-v0 0.1.64+df3654b377
	   |-- fabric-content-registries-v0 4.0.11+1802ada577
	   |-- fabric-convention-tags-v1 1.5.5+1802ada577
	   |-- fabric-crash-report-info-v1 0.2.19+1802ada577
	   |-- fabric-data-attachment-api-v1 1.0.0+de0fd6d177
	   |-- fabric-data-generation-api-v1 12.3.4+1802ada577
	   |-- fabric-dimensions-v1 2.1.54+1802ada577
	   |-- fabric-entity-events-v1 1.6.0+1c78457f77
	   |-- fabric-events-interaction-v0 0.6.2+1802ada577
	   |-- fabric-events-lifecycle-v0 0.2.63+df3654b377
	   |-- fabric-game-rule-api-v1 1.0.40+1802ada577
	   |-- fabric-item-api-v1 2.1.28+1802ada577
	   |-- fabric-item-group-api-v1 4.0.12+1802ada577
	   |-- fabric-key-binding-api-v1 1.0.37+1802ada577
	   |-- fabric-keybindings-v0 0.2.35+df3654b377
	   |-- fabric-lifecycle-events-v1 2.2.22+1802ada577
	   |-- fabric-loot-api-v2 1.2.1+1802ada577
	   |-- fabric-loot-tables-v1 1.1.45+9e7660c677
	   |-- fabric-message-api-v1 5.1.9+1802ada577
	   |-- fabric-mining-level-api-v1 2.1.50+1802ada577
	   |-- fabric-model-loading-api-v1 1.0.3+1802ada577
	   |-- fabric-models-v0 0.4.2+9386d8a777
	   |-- fabric-networking-api-v1 1.3.11+1802ada577
	   |-- fabric-networking-v0 0.3.51+df3654b377
	   |-- fabric-object-builder-api-v1 11.1.3+1802ada577
	   |-- fabric-particles-v1 1.1.2+1802ada577
	   |-- fabric-recipe-api-v1 1.0.21+1802ada577
	   |-- fabric-registry-sync-v0 2.3.3+1802ada577
	   |-- fabric-renderer-api-v1 3.2.1+1802ada577
	   |-- fabric-renderer-indigo 1.5.2+85287f9f77
	   |-- fabric-renderer-registries-v1 3.2.46+df3654b377
	   |-- fabric-rendering-data-attachment-v1 0.3.37+92a0d36777
	   |-- fabric-rendering-fluids-v1 3.0.28+1802ada577
	   |-- fabric-rendering-v0 1.1.49+df3654b377
	   |-- fabric-rendering-v1 3.0.8+1802ada577
	   |-- fabric-resource-conditions-api-v1 2.3.8+1802ada577
	   |-- fabric-resource-loader-v0 0.11.10+1802ada577
	   |-- fabric-screen-api-v1 2.0.8+1802ada577
	   |-- fabric-screen-handler-api-v1 1.3.30+1802ada577
	   |-- fabric-sound-api-v1 1.0.13+1802ada577
	   |-- fabric-transfer-api-v1 3.3.5+8dd72ea377
	   \-- fabric-transitive-access-wideners-v1 4.3.1+1802ada577
	- fabric-language-kotlin 1.12.1+kotlin.2.0.20
	   |-- org_jetbrains_kotlin_kotlin-reflect 2.0.20
	   |-- org_jetbrains_kotlin_kotlin-stdlib 2.0.20
	   |-- org_jetbrains_kotlin_kotlin-stdlib-jdk7 2.0.20
	   |-- org_jetbrains_kotlin_kotlin-stdlib-jdk8 2.0.20
	   |-- org_jetbrains_kotlinx_atomicfu-jvm 0.25.0
	   |-- org_jetbrains_kotlinx_kotlinx-coroutines-core-jvm 1.8.1
	   |-- org_jetbrains_kotlinx_kotlinx-coroutines-jdk8 1.8.1
	   |-- org_jetbrains_kotlinx_kotlinx-datetime-jvm 0.6.1
	   |-- org_jetbrains_kotlinx_kotlinx-io-bytestring-jvm 0.5.3
	   |-- org_jetbrains_kotlinx_kotlinx-io-core-jvm 0.5.3
	   |-- org_jetbrains_kotlinx_kotlinx-serialization-cbor-jvm 1.7.1
	   |-- org_jetbrains_kotlinx_kotlinx-serialization-core-jvm 1.7.1
	   \-- org_jetbrains_kotlinx_kotlinx-serialization-json-jvm 1.7.1
	- fabricloader 0.16.5
	   \-- mixinextras 0.4.1
	- fastload 3.4.0
	   |-- conditional-mixin 0.3.2
	   |-- fastload-119-0-1-2-compat 3.4.0
	   |-- fastload-1193-compat 3.4.0
	   |-- fastload-1194-compat 3.4.0
	   \-- fastload_fapi_forward 1.0.2
	- ferritecore 6.0.1
	- forgeconfigapiport 8.0.0
	- frostiful 1.0.10
	   \-- mm 2.3
	- ftblibrary 2001.2.4
	- ftbquests 2001.4.8
	   \-- team_reborn_energy 3.0.0
	- ftbteams 2001.3.0
	- fusion 1.1.1
	- fzzy_config 0.3.7+1.20.1
	   |-- blue_endless_jankson 1.2.3
	   \-- net_peanuuutz_tomlkt_tomlkt-jvm 0.3.7
	- gazebo 1.1.1+1.20.1
	   \-- com_github_zsoltmolnarrr_tinyconfig 2.3.2
	- geckolib 4.4.9
	   \-- com_eliotlash_mclib_mclib 20
	- hybrid-aquatic 1.3.4
	   \-- reach-entity-attributes 2.4.0
	- iceandfire 0.6-alpha7
	   |-- cardinal-components-base 5.2.2
	   |-- cardinal-components-entity 5.2.2
	   \-- fabric-trade-api 0.1.2
	- immersive_armors 1.6.1+1.20.1
	- java 21
	- jupiter 1.0
	- kiwi 11.8.24+fabric
	- krypton 0.2.3
	   \-- com_velocitypowered_velocity-native 3.2.0-SNAPSHOT
	- lithium 0.11.2
	- lithostitched 1.1.8
	- loot-bag 1.2.6
	- lootbagmod-fabric 4.0.0-1.20.1
	- mcda 5.0.2
	- mcdw 9.0.4
	- mcwfurnitures 3.3.0
	- memoryleakfix 1.1.5
	- minecraft 1.20.1
	- mobcatalog 1.0.8+1.20.1
	- mobs_of_mythology 2.0.2
	- modernfix 5.19.4+mc1.20.1
	- monolib 1.3.0
	- moonlight 1.20-2.12.17
	- moremobvariants 1.3.1
	- moretotems 2.16.0
	- mr_dungeons_andtaverns 3.0.3.f
	- mr_true_ending 1-v1.1.0c
	- mr_villager_transportation 1.3.1
	- mutantmonsters 8.0.7
	   |-- cardinal-components-base 5.2.2
	   |-- cardinal-components-entity 5.2.2
	   \-- extensibleenums 7.0.1
	- mvs 4.1.2-1.20-fabric
	- naturalist 4.0.3
	- necronomicon 1.4.2
	- noisium 2.3.0+mc1.20-1.20.1
	- obscure_api 16
	- owo 0.11.2+1.20
	- paladins 1.3.1+1.20.1
	   \-- com_github_zsoltmolnarrr_tinyconfig 2.3.2
	- patchouli 1.20.1-84-FABRIC
	   \-- fiber 0.23.0-2
	- pehkui 3.8.3+1.14.4-1.21
	   \-- kanos_config 0.4.1+1.14.4-1.19.4
	- player-animator 1.0.2-rc1+1.20
	- puffish_attributes 0.5.0
	- puffish_skills 0.13.2
	- puzzleslib 8.1.22
	   \-- puzzlesaccessapi 8.0.7
	- ranged_weapon_api 1.1.4+1.20.1
	- rechiseled 1.1.6
	- ribbits 1.20.1-Fabric-3.0.0
	- runes 0.9.13+1.20.1
	- shield_api 1.0.1+1.20.1
	- simplyskills 1.6.2+1.20.1
	- simplyswords 1.56.0-1.20.1
	   \-- spruceui 5.0.0+1.20
	- skinrestorer 2.0.3+1.20
	- smartbrainlib 1.15
	- soulsweapons 1.1.4.2-1.20.1-fabric
	- spawn 1.0.3-fabric
	- spell_engine 0.15.10+1.20.1
	   \-- com_github_zsoltmolnarrr_tinyconfig 2.3.2
	- spell_power 0.12.0+1.20.1
	   \-- com_github_zsoltmolnarrr_tinyconfig 2.3.2
	- spellbladenext 1.20.4
	   |-- cardinal-components-base 5.2.2
	   |-- cardinal-components-entity 5.2.2
	   \-- com_github_zsoltmolnarrr_tinyconfig 2.3.2
	- starlight 1.1.2+fabric.dbc156f
	- structure_pool_api 1.0+1.20.1
	- supermartijn642configlib 1.1.8+a
	- supermartijn642corelib 1.1.17+a
	- tectonic 2.4.1
	- terrablender 3.0.1.7
	   |-- com_electronwill_night-config_core 3.6.7
	   \-- com_electronwill_night-config_toml 3.6.7
	- terrablenderfix 0.0.1
	- terralith 2.5.4
	- thermoo 2.3.2
	   |-- cardinal-components-base 5.2.2
	   \-- cardinal-components-entity 5.2.2
	- travelersbackpack fabric-1.20.1-9.1.16
	   \-- reach-entity-attributes 2.4.0
	- trinkets 3.7.2
	- tt20 0.7.0
	   \-- net_snackbag_shit_shit 1.2.3
	- ultris_mr 5.6.9c
	- universal-graves 3.0.2+1.20.1
	   |-- common-protection-api 1.0.0
	   |-- fabric-permissions-api-v0 0.2-SNAPSHOT
	   |-- placeholder-api 2.1.3+1.20.1
	   |-- polymer-core 0.5.19+1.20.1
	   |    |-- polymer-networking 0.5.19+1.20.1
	   |    |    \-- polymer-common 0.5.19+1.20.1
	   |    |         \-- packet_tweaker 0.4.0+1.19.4
	   |    \-- polymer-registry-sync-manipulator 0.5.19+1.20.1
	   |-- polymer-resource-pack 0.5.19+1.20.1
	   |    \-- polymer-common 0.5.19+1.20.1
	   |         \-- packet_tweaker 0.4.0+1.19.4
	   |-- polymer-virtual-entity 0.5.19+1.20.1
	   |    \-- polymer-common 0.5.19+1.20.1
	   |         \-- packet_tweaker 0.4.0+1.19.4
	   |-- predicate-api 0.2.1+1.20.1
	   |-- server_translations_api 2.0.0+1.20
	   |    \-- packet_tweaker 0.4.0+1.19.4
	   \-- sgui 1.2.2+1.20
	- uranus 1.6.1
	- wilderwild 2.4.6-mc1.20.1
	   |-- frozenlib 1.8-mc1.20.1
	   \-- reach-entity-attributes 2.4.0
	- wildlife 1.19.2-2.2
	- yet_another_config_lib_v3 3.5.0+1.20.1-fabric
	   |-- com_twelvemonkeys_common_common-image 3.10.0
	   |-- com_twelvemonkeys_common_common-io 3.10.0
	   |-- com_twelvemonkeys_common_common-lang 3.10.0
	   |-- com_twelvemonkeys_imageio_imageio-core 3.10.0
	   |-- com_twelvemonkeys_imageio_imageio-metadata 3.10.0
	   |-- com_twelvemonkeys_imageio_imageio-webp 3.10.0
	   |-- org_quiltmc_parsers_gson 0.2.1
	   \-- org_quiltmc_parsers_json 0.2.1
	- yungsapi 1.20-Fabric-4.0.5
	   \-- org_javassist_javassist 3.29.2-GA
[02:19:32] [main/INFO]: SpongePowered MIXIN Subsystem Version=0.8.7 Source=file:/workspaces/Minecraft_branch/servidor_minecraft/libraries/net/fabricmc/sponge-mixin/0.15.3+mixin.0.8.7/sponge-mixin-0.15.3+mixin.0.8.7.jar Service=Knot/Fabric Env=SERVER
[02:19:32] [main/INFO]: Compatibility level set to JAVA_17
[02:19:32] [main/INFO]: Initializing com.ishland.c2me.base.mixin
[02:19:33] [main/INFO]: Initializing com.ishland.c2me.fixes.chunkio.threading_issues.mixin
[02:19:33] [main/INFO]: Initializing com.ishland.c2me.fixes.general.threading_issues.mixin
[02:19:33] [main/INFO]: Initializing com.ishland.c2me.fixes.worldgen.threading_issues.mixin
[02:19:33] [main/INFO]: Initializing com.ishland.c2me.fixes.worldgen.vanilla_bugs.mixin
[02:19:33] [main/INFO]: Initializing com.ishland.c2me.notickvd.mixin
[02:19:33] [main/INFO]: Initializing com.ishland.c2me.opts.allocs.mixin
[02:19:33] [main/INFO]: Initializing com.ishland.c2me.opts.chunk_access.mixin
[02:19:33] [main/INFO]: Initializing com.ishland.c2me.opts.chunkio.mixin
[02:19:33] [main/INFO]: Initializing com.ishland.c2me.opts.math.mixin
[02:19:33] [main/INFO]: Initializing com.ishland.c2me.opts.scheduling.mixin
[02:19:33] [main/INFO]: Initializing com.ishland.c2me.opts.worldgen.general.mixin
[02:19:33] [main/INFO]: Initializing com.ishland.c2me.opts.worldgen.vanilla.mixin
[02:19:33] [main/INFO]: Initializing com.ishland.c2me.rewrites.chunk_serializer.mixin
[02:19:33] [main/INFO]: Disabling config ioSystem.gcFreeChunkSerializer: Incompatible with architectury@9.2.14 (*) (defined in c2me)
[02:19:33] [main/INFO]: Disabling com.ishland.c2me.rewrites.chunk_serializer.mixin
[02:19:33] [main/INFO]: Initializing com.ishland.c2me.rewrites.chunkio.mixin
[02:19:33] [main/INFO]: Disabling com.ishland.c2me.rewrites.chunkio.mixin
[02:19:33] [main/INFO]: Initializing com.ishland.c2me.server.utils.mixin
[02:19:33] [main/INFO]: Initializing com.ishland.c2me.threading.chunkio.mixin
[02:19:33] [main/INFO]: Initializing com.ishland.c2me.threading.lighting.mixin
[02:19:33] [main/INFO]: Initializing com.ishland.c2me.threading.worldgen.mixin
[02:19:33] [main/INFO]: Disabling com.ishland.c2me.threading.worldgen.mixin
[02:19:33] [main/WARN]: Reference map 'Fastload-1.19.4-Extension-refmap.json' for fastload-1194-compat.mixins.json could not be read. If this is a development environment you can ignore this message
[02:19:33] [main/WARN]: Reference map 'gazebo-refmap.json' for gazebo.mixins.json could not be read. If this is a development environment you can ignore this message
[02:19:33] [main/INFO]: Loaded configuration file for Lithium: 115 options available, 4 override(s) found
[02:19:33] [main/WARN]: Reference map 'memoryleakfix-fabric-1.17+-fabric-refmap.json' for memoryleakfix-fabric.mixins.json could not be read. If this is a development environment you can ignore this message
[02:19:33] [main/INFO]: Loaded configuration file for ModernFix 5.19.4+mc1.20.1: 61 options available, 4 override(s) found
[02:19:33] [main/WARN]: Option 'mixin.bugfix.paper_chunk_patches' overriden (by mods [c2me]) to 'false'
[02:19:33] [main/WARN]: Option 'mixin.perf.cache_strongholds' overriden (by mods [c2me]) to 'false'
[02:19:33] [main/WARN]: Option 'mixin.perf.nbt_memory_usage' overriden (by mods [c2me]) to 'false'
[02:19:33] [main/WARN]: Option 'mixin.bugfix.chunk_deadlock' overriden (by mods [c2me]) to 'false'
[02:19:33] [main/INFO]: Applying Nashorn fix
[02:19:33] [main/WARN]: Reference map 'rechiseled.mixins.refmap.json' for rechiseled.mixins.json could not be read. If this is a development environment you can ignore this message
[02:19:33] [main/WARN]: Reference map 'simplyswords-fabric-refmap.json' for simplyswords.mixins.json could not be read. If this is a development environment you can ignore this message
[02:19:33] [main/WARN]: Reference map 'supermartijn642configlib.mixins.refmap.json' for supermartijn642configlib.mixins.json could not be read. If this is a development environment you can ignore this message
[02:19:33] [main/WARN]: Reference map 'wildlife-refmap.json' for wildlife.mixins.json could not be read. If this is a development environment you can ignore this message
[02:19:33] [main/WARN]: Error loading class: net/minecraft/class_638$class_5271 (java.lang.ClassNotFoundException: net/minecraft/class_638$class_5271)
[02:19:33] [main/WARN]: @Mixin target net.minecraft.class_638$class_5271 was not found cavedust.mixins.json:ClientWorldAccessor from mod cavedust
[02:19:33] [main/WARN]: Error loading class: net/minecraft/class_340 (java.lang.ClassNotFoundException: net/minecraft/class_340)
[02:19:33] [main/WARN]: @Mixin target net.minecraft.class_340 was not found cavedust.mixins.json:MixinDebugScreenOverlay from mod cavedust
[02:19:33] [main/WARN]: Error loading class: net/minecraft/class_465 (java.lang.ClassNotFoundException: net/minecraft/class_465)
[02:19:33] [main/WARN]: @Mixin target net.minecraft.class_465 was not found creativecore.fabric.mixins.json:AbstractContainerScreenMixin from mod creativecore
[02:19:33] [main/WARN]: Force-disabling mixin 'ai.task.memory_change_counting.BrainMixin' as rule 'mixin.ai.task.memory_change_counting' (added by mods [smartbrainlib]) disables it and children
[02:19:33] [main/WARN]: Force-disabling mixin 'ai.task.memory_change_counting.MultiTickTaskMixin' as rule 'mixin.ai.task.memory_change_counting' (added by mods [smartbrainlib]) disables it and children
[02:19:33] [main/WARN]: Force-disabling mixin 'alloc.blockstate.StateMixin' as rule 'mixin.alloc.blockstate' (added by mods [ferritecore]) disables it and children
[02:19:34] [main/WARN]: Force-disabling mixin 'world.player_chunk_tick.ThreadedAnvilChunkStorageMixin' as rule 'mixin.world.player_chunk_tick' (added by mods [c2me, krypton]) disables it and children
[02:19:34] [main/WARN]: Error loading class: fr/catcore/server/translations/api/resource/language/SystemDelegatedLanguage (java.lang.ClassNotFoundException: fr/catcore/server/translations/api/resource/language/SystemDelegatedLanguage)
[02:19:34] [main/WARN]: Error loading class: com/simibubi/create/content/kinetics/base/BlockBreakingKineticBlockEntity (java.lang.ClassNotFoundException: com/simibubi/create/content/kinetics/base/BlockBreakingKineticBlockEntity)
[02:19:34] [main/INFO]: Loading config MixinsConfig from wilderwild
[02:19:34] [main/INFO]: Saving config MixinsConfig from wilderwild
[02:19:34] [main/INFO]: [MemoryLeakFix] Will be applying 1 memory leak fixes!
[02:19:34] [main/INFO]: [MemoryLeakFix] Currently enabled memory leak fixes: [biomeTemperatureLeak]
[02:19:34] [main/INFO]: Initializing MixinExtras via com.llamalad7.mixinextras.service.MixinExtrasServiceImpl(version=0.4.1).
[02:19:38] [main/INFO]: Injecting BlockStateBase cache population hook into getOpacityIfCached from ca.spottedleaf.starlight.mixin.common.blockstate.BlockStateBaseMixin
[02:19:38] [main/INFO]: Injecting BlockStateBase cache population hook into getNeighborPathNodeType from me.jellysquid.mods.lithium.mixin.ai.pathing.AbstractBlockStateMixin
[02:19:38] [main/INFO]: Injecting BlockStateBase cache population hook into getPathNodeType from me.jellysquid.mods.lithium.mixin.ai.pathing.AbstractBlockStateMixin
[02:19:38] [main/INFO]: Injecting BlockStateBase cache population hook into isConditionallyFullOpaque from ca.spottedleaf.starlight.mixin.common.blockstate.BlockStateBaseMixin
[02:19:38] [main/INFO]: Injecting BlockStateBase cache population hook into getAllFlags from me.jellysquid.mods.lithium.mixin.util.block_tracking.AbstractBlockStateMixin
[02:19:38] [main/INFO]: Loading config BlockConfig from wilderwild
[02:19:38] [main/INFO]: Saving config BlockConfig from wilderwild
[02:19:39] [main/WARN]: Method overwrite conflict for itemStack in spell_engine.mixins.json:ItemStackMixin from mod spell_engine, previously written by net.dungeon_difficulty.mixin.ItemStackMixin. Skipping method.
[02:19:40] [main/INFO]: Loading config EntityConfig from wilderwild
[02:19:40] [main/INFO]: Saving config EntityConfig from wilderwild
[02:19:42] [main/WARN]: Method overwrite conflict for method_21740 in modernfix-common.mixins.json:perf.remove_biome_temperature_cache.BiomeMixin from mod modernfix, previously written by me.jellysquid.mods.lithium.mixin.world.temperature_cache.BiomeMixin. Skipping method.
[02:19:42] [main/INFO]: Vanilla bootstrap took 7350 milliseconds
[02:19:43] [main/INFO]: [bclib] Added Config betternether.main to auto sync (file hash)
[02:19:43] [main/INFO]: [bclib] Added Config betternether.generator to auto sync (file hash)
[02:19:43] [main/INFO]: [bclib] Added Config betternether.blocks to auto sync (file hash)
[02:19:43] [main/INFO]: [bclib] Added Config betternether.items to auto sync (file hash)
[02:19:43] [main/INFO]: [bclib] Added Config betternether.biomes to auto sync (file hash)
[02:19:43] [main/INFO]: [bclib] Added Config betternether.mobs to auto sync (file hash)
[02:19:43] [main/INFO]: [bclib] Added Config betternether.recipes to auto sync (file hash)
[02:19:43] [main/WARN]: [bclib] Recipe betternether:bone_block_bone_button only takes in a single item and should be shapeless
[02:19:44] [main/INFO]: Detected Java version 21. Enabling Java 16 features.
[02:19:45] [main/INFO]: Initializing platform helper for Advanced Netherite!
[02:19:45] [main/INFO]: Registering C2S receiver with id artifacts:networking_channel/42a7ad70b1cc371599a0eff744096b8a
[02:19:45] [main/INFO]: Registering C2S receiver with id artifacts:networking_channel/74a5e841822a3a87854ae896a33430d6
[02:19:45] [main/INFO]: Registering C2S receiver with id artifacts:networking_channel/eb3d1e2748533430848cadf0f37c7e9c
[02:19:45] [main/INFO]: Registering C2S receiver with id artifacts:networking_channel/91c8520f19f93b3e8b6a727568e194ab
[02:19:45] [main/INFO]: Registering C2S receiver with id artifacts:networking_channel/8c2784d778293fd482ed84b8aa5fedb9
[02:19:45] [main/INFO]: Registering C2S receiver with id artifacts:networking_channel/ea038224ea783d40b2863f52239e2604
[02:19:45] [main/INFO]: Registering C2S receiver with id artifacts:networking_channel/97ad64b7ecaf33209991c4f031501a58
[02:19:45] [main/INFO]: Registered azurelib config for auto-sync function
[02:19:45] [main/INFO]: [bclib] Added Config bclib.generator to auto sync (file hash)
[02:19:45] [main/INFO]: [bclib] Added Config bclib.main to auto sync (content diff)
[02:19:45] [main/INFO]: [bclib] Added Config bclib.biomes to auto sync (file hash)
[02:19:45] [main/INFO]: Reflections took 35 ms to scan 1 urls, producing 1 keys and 3 values
[02:19:45] [main/INFO]: Reflections took 4 ms to scan 1 urls, producing 1 keys and 3 values
[02:19:45] [main/INFO]: Reflections took 2 ms to scan 1 urls, producing 1 keys and 2 values
[02:19:45] [main/INFO]: Reflections took 2 ms to scan 1 urls, producing 1 keys and 2 values
[02:19:45] [main/INFO]: [betternether] =^..^=    BetterNether for 1.20    =^..^=
[02:19:45] [main/INFO]: Reflections took 1 ms to scan 1 urls, producing 1 keys and 2 values
[02:19:45] [main/INFO]: Reflections took 1 ms to scan 1 urls, producing 1 keys and 2 values
[02:19:46] [main/INFO]: Chunky extended loaded
[02:19:46] [main/INFO]: Bypassed Mojang DFU
[02:19:46] [main/INFO]: Instantiating Mojang DFU
[02:19:46] [Cicada thread 0/INFO]: [cicada] Hello, anyone there?
[02:19:46] [Cicada thread 0/INFO]: [do_a_barrel_roll] I'm here, ready to rumble!
[02:19:47] [main/ERROR]: No data fixer registered for crystallized_amber
[02:19:47] [main/INFO]: Constructing common components for diagonalblocks:main
[02:19:47] [main/INFO]: Constructing common components for diagonalfences:main
[02:19:47] [main/INFO]: Constructing shapes for DiagonalFenceBlock[NodeWidth=2.0,ExtensionWidth=2.0,NodeTop=24.0,ExtensionBottom=0.0,ExtensionTop=24.0] took 23ms
[02:19:47] [main/INFO]: Constructing shapes for DiagonalFenceBlock[NodeWidth=2.0,ExtensionWidth=2.0,NodeTop=16.0,ExtensionBottom=0.0,ExtensionTop=16.0] took 23ms
[02:19:47] [main/INFO]: Constructing shapes for DiagonalFenceBlock[NodeWidth=2.0,ExtensionWidth=1.0,NodeTop=16.0,ExtensionBottom=6.0,ExtensionTop=15.0] took 58ms
[02:19:47] [main/INFO]: [EssentialCommands]: Mod Load Initiated.
[02:19:47] [main/INFO]: [EssentialCommands]: Mod Load Complete.
[02:19:47] [main/INFO]: ExpandAbility here, who dis?
[02:19:47] [main/INFO]: Hello Fabric world!
[02:19:47] [main/INFO]: Initialized Frostiful!
[02:19:47] [main/INFO]: Registering Particles for frozenlib
[02:19:47] [ForkJoinPool.commonPool-worker-1/INFO]: Essential Commands is up to date!
[02:19:47] [main/INFO]: Loading config FrozenLibConfig from frozenlib
[02:19:47] [main/INFO]: Saving config FrozenLibConfig from frozenlib
[02:19:47] [main/INFO]: Registering C2S receiver with id ftblibrary:edit_nbt_response
[02:19:47] [main/INFO]: Registering C2S receiver with id ftbquests:submit_task
[02:19:47] [main/INFO]: Registering C2S receiver with id ftbquests:claim_reward
[02:19:47] [main/INFO]: Registering C2S receiver with id ftbquests:get_emergency_items
[02:19:47] [main/INFO]: Registering C2S receiver with id ftbquests:claim_all_rewards
[02:19:47] [main/INFO]: Registering C2S receiver with id ftbquests:claim_choice_reward
[02:19:47] [main/INFO]: Registering C2S receiver with id ftbquests:toggle_pinned
[02:19:47] [main/INFO]: Registering C2S receiver with id ftbquests:toggle_chapter_pinned
[02:19:47] [main/INFO]: Registering C2S receiver with id ftbquests:toggle_editing_mode
[02:19:47] [main/INFO]: Registering C2S receiver with id ftbquests:force_save
[02:19:47] [main/INFO]: Registering C2S receiver with id ftbquests:set_custom_image
[02:19:47] [main/INFO]: Registering C2S receiver with id ftbquests:task_screen_config_resp
[02:19:47] [main/INFO]: Registering C2S receiver with id ftbquests:change_progress
[02:19:47] [main/INFO]: Registering C2S receiver with id ftbquests:create_object
[02:19:47] [main/INFO]: Registering C2S receiver with id ftbquests:create_task_at
[02:19:47] [main/INFO]: Registering C2S receiver with id ftbquests:delete_object
[02:19:47] [main/INFO]: Registering C2S receiver with id ftbquests:edit_object
[02:19:47] [main/INFO]: Registering C2S receiver with id ftbquests:move_chapter
[02:19:47] [main/INFO]: Registering C2S receiver with id ftbquests:move_quest
[02:19:47] [main/INFO]: Registering C2S receiver with id ftbquests:change_chapter_group
[02:19:47] [main/INFO]: Registering C2S receiver with id ftbquests:move_chapter_group
[02:19:47] [main/INFO]: Registering C2S receiver with id ftbquests:copy_quest
[02:19:47] [main/INFO]: Registering C2S receiver with id ftbquests:copy_chapter_image
[02:19:47] [main/INFO]: Registering C2S receiver with id ftbquests:sync_structures_request
[02:19:47] [main/INFO]: Registering C2S receiver with id ftbquests:request_team_data
[02:19:47] [main/INFO]: Registering C2S receiver with id ftbteams:open_gui
[02:19:47] [main/INFO]: Registering C2S receiver with id ftbteams:update_settings
[02:19:47] [main/INFO]: Registering C2S receiver with id ftbteams:send_message
[02:19:47] [main/INFO]: Registering C2S receiver with id ftbteams:create_party
[02:19:47] [main/INFO]: Registering C2S receiver with id ftbteams:player_gui_operation
[02:19:47] [main/INFO]: Initializing hybrid-aquatic
[02:19:47] [main/ERROR]: No data fixer registered for hybrid-aquatic:anemone
[02:19:47] [main/ERROR]: No data fixer registered for hybrid-aquatic:giant_clam
[02:19:47] [main/ERROR]: No data fixer registered for hybrid-aquatic:message_in_a_bottle
[02:19:47] [main/ERROR]: No data fixer registered for hybrid-aquatic:buoy
[02:19:47] [main/ERROR]: No data fixer registered for hybrid-aquatic:tube_sponge
[02:19:47] [main/INFO]: Ice And Fire config version match.
[02:19:48] [main/INFO]: 1 Jupiter entrypoint(s) detected: jupiter:jupiter
[02:19:48] [main/INFO]: Processing 5 KiwiModule annotations
[02:19:48] [main/INFO]: Module [kiwi:contributors] initialized
[02:19:48] [main/INFO]: Module [kiwi:block_templates] initialized
[02:19:48] [main/INFO]: Module [kiwi:block_components] initialized
[02:19:48] [main/INFO]: Module [kiwi:data] initialized
[02:19:48] [main/INFO]: 		recipe_serializer: 3
[02:19:48] [main/INFO]: Module [kiwi:item_templates] initialized
[02:19:48] [main/INFO]: Compression will use libdeflate (Linux x86_64), encryption will use OpenSSL 1.1.x (Linux x86_64)
[02:19:48] [main/INFO]: ModList Completed
[02:19:48] [main/INFO]: All potential items retrieved
[02:19:48] [main/INFO]: Registering Blocks for mcda
[02:19:48] [main/INFO]: Definitely not up to no good
[02:19:48] [main/WARN]: Configuration file ./config/mobcatalog-common.toml is not correct. Correcting
[02:19:48] [main/WARN]: Incorrect key Common Configs for Mob Catalog.crab_claw_reach_multiplier was corrected from 2.0 to its default, 2.0. 
[02:19:48] [Thread-7/WARN]: Configuration file /workspaces/Minecraft_branch/servidor_minecraft/./config/mobcatalog-common.toml is not correct. Correcting
[02:19:48] [Thread-7/WARN]: Incorrect key Common Configs for Mob Catalog.crab_claw_reach_multiplier was corrected from 2.0 to its default, 2.0. 
[02:19:48] [main/INFO]: Registered mobs_of_mythology config for auto-sync function
[02:19:48] [main/INFO]: Hello Fabric world!
[02:19:48] [main/INFO]: Hello from Common init on Fabric! we are currently in a production environment!
[02:19:48] [main/INFO]: The ID for diamonds is minecraft:diamond
[02:19:48] [main/INFO]: Hello to monolib
[02:19:49] [main/INFO]: Giving mobs a fresh coat of paint...
[02:19:49] [main/INFO]: Constructing common components for mutantmonsters:main
[02:19:49] [main/INFO]: Loading common config for mutantmonsters
[02:19:49] [Thread-7/INFO]: Reloading common config for mutantmonsters
[02:19:49] [Thread-7/INFO]: Reloading common config for mutantmonsters
[02:19:49] [main/INFO]: Necronomicon Initialized
[02:19:49] [main/INFO]: File exists, reading config for elocindev.necronomicon.NecronomiconConfig.
[02:19:49] [main/INFO]: Config for elocindev.necronomicon.NecronomiconConfig read successfully.
[02:19:49] [main/INFO]: Loading Noisium.
[02:19:49] [main/INFO]: Here at Wisp Forest© we employ Wisp Tech Support™ magic, which solves your problem when you ask
[02:19:49] [main/ERROR]: Failed to load book betternether:betternether_book defined by mod betternether, skipping
java.lang.IllegalArgumentException: Book betternether:betternether_book has use_resource_pack set to false. This behaviour was removed in 1.20. The book author should enable this flag and move all book contents clientside to /assets/, leaving the book.json in /data/. See https://vazkiimods.github.io/Patchouli/docs/upgrading/upgrade-guide-120 for details.
	at vazkii.patchouli.common.book.Book.<init>(Book.java:145) ~[Patchouli-1.20.1-84-FABRIC.jar:?]
	at vazkii.patchouli.common.book.BookRegistry.loadBook(BookRegistry.java:90) ~[Patchouli-1.20.1-84-FABRIC.jar:?]
	at vazkii.patchouli.common.book.BookRegistry.lambda$init$3(BookRegistry.java:75) ~[Patchouli-1.20.1-84-FABRIC.jar:?]
	at java.util.HashMap.forEach(HashMap.java:1429) ~[?:?]
	at vazkii.patchouli.common.book.BookRegistry.init(BookRegistry.java:70) ~[Patchouli-1.20.1-84-FABRIC.jar:?]
	at vazkii.patchouli.fabric.common.FabricModInitializer.onInitialize(FabricModInitializer.java:33) ~[Patchouli-1.20.1-84-FABRIC.jar:?]
	at net.fabricmc.loader.impl.FabricLoaderImpl.invokeEntrypoints(FabricLoaderImpl.java:399) ~[fabric-loader-0.16.5.jar:?]
	at net.fabricmc.loader.impl.game.minecraft.Hooks.startServer(Hooks.java:63) ~[fabric-loader-0.16.5.jar:?]
	at net.minecraft.server.Main.main(Main.java:112) ~[server-intermediary.jar:?]
	at net.fabricmc.loader.impl.game.minecraft.MinecraftGameProvider.launch(MinecraftGameProvider.java:480) ~[fabric-loader-0.16.5.jar:?]
	at net.fabricmc.loader.impl.launch.knot.Knot.launch(Knot.java:74) ~[fabric-loader-0.16.5.jar:?]
	at net.fabricmc.loader.impl.launch.knot.KnotServer.main(KnotServer.java:23) ~[fabric-loader-0.16.5.jar:?]
	at net.fabricmc.loader.impl.launch.server.FabricServerLauncher.main(FabricServerLauncher.java:69) ~[fabric-loader-0.16.5.jar:?]
	at net.fabricmc.installer.ServerLauncher.main(ServerLauncher.java:69) ~[fabric-server-launch.jar:1.0.1]
[02:19:49] [main/INFO]: Constructing common components for puzzleslib:main
[02:19:49] [main/INFO]: Reflections took 14 ms to scan 1 urls, producing 6 keys and 36 values
[02:19:49] [main/INFO]: Reflections took 9 ms to scan 1 urls, producing 6 keys and 36 values
[02:19:49] [main/INFO]: Registering Ribbit instruments...
[02:19:49] [main/INFO]: Registering Ribbit umbrella types...
[02:19:49] [main/INFO]: Registering Ribbit professions...
[02:19:49] [main/INFO]: Registering Ribbit data serializers...
[02:19:49] [main/INFO]: Shield API initialized!
[02:19:49] [main/INFO]: Registering Items for simplyskills
[02:19:49] [main/INFO]: Registering Entities for simplyskills
[02:19:50] [main/INFO]: [STDOUT]: /workspaces/Minecraft_branch/servidor_minecraft/config
[02:19:50] [main/INFO]: Config initialized!
[02:19:50] [main/INFO]: Successfully initialized Geckolib!
[02:19:50] [main/INFO]: Successfully registered SoulsWeapons content!
[02:19:50] [main/INFO]: Successfully registered built-in 2D model resourcepack!
[02:19:50] [main/INFO]: Initializing done, time taken: 189ms
[02:19:50] [main/INFO]: Hello Fabric world!
[02:19:50] [main/INFO]: [Surveyor] is not a map mod
[02:19:50] [main/INFO]: Registered region minecraft:overworld to index 0 for type OVERWORLD
[02:19:50] [main/INFO]: Registered region minecraft:nether to index 0 for type NETHER
[02:19:50] [main/INFO]: Registered region wilderwild:overworld to index 1 for type OVERWORLD
[02:19:50] [main/INFO]: Creating environment manager EnvironmentManager{controller=com.github.thedeathlycow.thermoo.api.temperature.EmptyEnvironmentController}
[02:19:50] [main/INFO]: Thermoo initialized
[02:19:50] [main/INFO]: Registered the FluidEffect with Unique ID of minecraft:water for minecraft:water 81000 with the ID 0
[02:19:50] [main/INFO]: Registered the FluidEffect with Unique ID of minecraft:lava for minecraft:lava 81000 with the ID 1
[02:19:50] [main/INFO]: Registered the FluidEffect with Unique ID of travelersbackpack:potion for travelersbackpack:potion_still 27000 with the ID 2
[02:19:50] [main/INFO]: Registered the FluidEffect with Unique ID of travelersbackpack:milk for travelersbackpack:milk_still 81000 with the ID 3
[02:19:50] [main/INFO]: Starting TT20...
[02:19:50] [main/INFO]: (TT20) Checking for updates...
[02:19:50] [main/INFO]: (TT20) Running the latest version
[02:19:50] [main/INFO]: Started measuring WilderWild
[02:19:50] [main/INFO]: Applying Minecraft-Version-Based DataFixes for Wilder Wild with Data Version 2
[02:19:50] [main/INFO]: Minecraft-Version-Specific DataFixes for Wilder Wild have been applied
[02:19:50] [main/INFO]: Applying DataFixes for Wilder Wild with Data Version 18
[02:19:50] [main/INFO]: DataFixes for Wilder Wild have been applied
[02:19:51] [main/INFO]: Loading config AmbienceAndMiscConfig from wilderwild
[02:19:51] [main/INFO]: Saving config AmbienceAndMiscConfig from wilderwild
[02:19:51] [main/INFO]: Adding Music And Ambience To Biomes for wilderwild
[02:19:51] [main/INFO]: Overriding Water Colors for wilderwild
[02:19:51] [main/WARN]: Encountered duplicate API provider registration for block: wilderwild:stone_chest
[02:19:51] [main/INFO]: WilderWild took 172982246 nanoseconds
[02:19:51] [main/INFO]: Reflections took 2 ms to scan 1 urls, producing 1 keys and 4 values
[02:19:51] [main/INFO]: Reflections took 3 ms to scan 1 urls, producing 1 keys and 4 values
[02:19:51] [main/INFO]: Its Morbin' time
[02:19:51] [main/INFO]: Initialized Frostiful server!
[02:19:51] [main/INFO]: Krypton is now accelerating your Minecraft server's networking stack 🚀
[02:19:51] [main/INFO]: Initialized block sets in 17ms
[02:19:51] [main/INFO]: Initialized color sets in 50ms
[02:19:51] [main/INFO]: Environment: authHost='https://authserver.mojang.com', accountsHost='https://api.mojang.com', sessionHost='https://sessionserver.mojang.com', servicesHost='https://api.minecraftservices.com', name='PROD'
[02:19:51] [main/INFO]: [DataFixerAPI] Applying Patch{betternether:5.3.5:21020677}
[02:19:51] [main/INFO]: [DataFixerAPI] Applying Patch{betternether:8.2.2:33587202}
[02:19:51] [main/INFO]: [DataFixerAPI] Applying Patch{betternether:9.0.1:37748737}
[02:19:51] [main/INFO]: [DataFixerAPI] Applying Patch{bclib:3.0.11:12582923}
[02:19:51] [main/INFO]: [bclib] Running Pre Patchers on ./world/.
[02:19:51] [main/WARN]: [bclib] Applying Fixes on Level
[02:19:51] [main/INFO]: [bclib] Patcher Stage... Reading Data%
[02:19:51] [main/INFO]: [bclib] Patcher Stage... Fixing Players%
[02:19:51] [ForkJoinPool.commonPool-worker-1/INFO]: [DataFixerAPI] Inspecting ./world/./playerdata/993a4188-0bb7-327e-affa-e15c52d909e9.dat
[02:19:51] [ForkJoinPool.commonPool-worker-2/INFO]: [DataFixerAPI] Inspecting ./world/./playerdata/718e4590-dde5-4731-9b66-57f95bda0a4f.dat
[02:19:51] [main/INFO]: [DataFixerAPI] Inspecting ./world/./playerdata/c61e6440-297b-33db-9ce8-1224c93a6a25.dat
[02:19:51] [ForkJoinPool.commonPool-worker-1/INFO]: [DataFixerAPI] Inspecting ./world/./playerdata/55905065-87d9-4619-8469-9a4a02a95baf.dat
[02:19:51] [ForkJoinPool.commonPool-worker-2/INFO]: [DataFixerAPI] Inspecting ./world/./playerdata/c452a60a-8d33-3920-8644-35e8ffe3d15c.dat
[02:19:51] [main/INFO]: [bclib] Patcher Stage... Applying Patches to level.dat%
[02:19:51] [main/INFO]: [DataFixerAPI] Inspecting level.dat in ./world/.
[02:19:51] [main/INFO]: [bclib] Patcher Stage... Patching Custom World-Data%
[02:19:51] [main/INFO]: [bclib] Patcher Stage... Repairing all Regions%
[02:19:51] [ForkJoinPool.commonPool-worker-2/INFO]: [DataFixerAPI] Inspecting ./world/./region/r.0.0.mca
[02:19:51] [ForkJoinPool.commonPool-worker-1/INFO]: [DataFixerAPI] Inspecting ./world/./entities/r.-3.0.mca
[02:19:51] [ForkJoinPool.commonPool-worker-3/INFO]: [DataFixerAPI] Inspecting ./world/./region/r.-2.-1.mca
[02:19:51] [main/INFO]: [DataFixerAPI] Inspecting ./world/./region/r.-4.0.mca
[02:19:51] [ForkJoinPool.commonPool-worker-3/INFO]: [DataFixerAPI] Inspecting ./world/./region/r.-1.-1.mca
[02:19:51] [main/INFO]: [DataFixerAPI] Inspecting ./world/./region/r.-4.-1.mca
[02:19:51] [main/INFO]: [DataFixerAPI] Inspecting ./world/./region/r.-2.1.mca
[02:19:51] [ForkJoinPool.commonPool-worker-1/INFO]: [DataFixerAPI] Inspecting ./world/./entities/r.-1.-1.mca
[02:19:51] [ForkJoinPool.commonPool-worker-1/INFO]: [DataFixerAPI] Inspecting ./world/./entities/r.-3.1.mca
[02:19:51] [ForkJoinPool.commonPool-worker-1/INFO]: [DataFixerAPI] Inspecting ./world/./entities/r.-2.0.mca
[02:19:51] [ForkJoinPool.commonPool-worker-1/INFO]: [DataFixerAPI] Inspecting ./world/./entities/r.-2.1.mca
[02:19:51] [ForkJoinPool.commonPool-worker-1/INFO]: [DataFixerAPI] Inspecting ./world/./entities/r.0.-1.mca
[02:19:51] [ForkJoinPool.commonPool-worker-1/INFO]: [DataFixerAPI] Inspecting ./world/./entities/r.-1.0.mca
[02:19:51] [main/INFO]: [DataFixerAPI] Inspecting ./world/./region/r.-3.1.mca
[02:19:51] [ForkJoinPool.commonPool-worker-1/INFO]: [DataFixerAPI] Inspecting ./world/./region/r.-2.0.mca
[02:19:51] [ForkJoinPool.commonPool-worker-2/INFO]: [DataFixerAPI] Inspecting ./world/./region/r.0.-1.mca
[02:19:51] [ForkJoinPool.commonPool-worker-1/INFO]: [DataFixerAPI] Inspecting ./world/./entities/r.0.0.mca
[02:19:51] [ForkJoinPool.commonPool-worker-1/INFO]: [DataFixerAPI] Inspecting ./world/./poi/r.-3.0.mca
[02:19:51] [ForkJoinPool.commonPool-worker-1/INFO]: [DataFixerAPI] Inspecting ./world/./poi/r.-1.-1.mca
[02:19:51] [ForkJoinPool.commonPool-worker-1/INFO]: [DataFixerAPI] Inspecting ./world/./poi/r.-4.0.mca
[02:19:51] [ForkJoinPool.commonPool-worker-1/INFO]: [DataFixerAPI] Inspecting ./world/./poi/r.-2.1.mca
[02:19:51] [ForkJoinPool.commonPool-worker-1/INFO]: [DataFixerAPI] Inspecting ./world/./poi/r.-4.1.mca
[02:19:51] [ForkJoinPool.commonPool-worker-1/INFO]: [DataFixerAPI] Inspecting ./world/./poi/r.-1.0.mca
[02:19:51] [ForkJoinPool.commonPool-worker-1/INFO]: [DataFixerAPI] Inspecting ./world/./poi/r.0.0.mca
[02:19:51] [ForkJoinPool.commonPool-worker-3/INFO]: [DataFixerAPI] Inspecting ./world/./region/r.-1.0.mca
[02:19:51] [ForkJoinPool.commonPool-worker-1/INFO]: [DataFixerAPI] Inspecting ./world/./poi/r.0.-1.mca
[02:19:51] [ForkJoinPool.commonPool-worker-1/INFO]: [DataFixerAPI] Inspecting ./world/./region/r.-4.1.mca
[02:19:51] [ForkJoinPool.commonPool-worker-1/INFO]: [DataFixerAPI] Inspecting ./world/./region/r.0.1.mca
[02:19:51] [ForkJoinPool.commonPool-worker-2/INFO]: [DataFixerAPI] Inspecting ./world/./poi/r.-3.1.mca
[02:19:51] [ForkJoinPool.commonPool-worker-1/INFO]: [DataFixerAPI] Inspecting ./world/./region/r.-1.1.mca
[02:19:52] [ForkJoinPool.commonPool-worker-2/INFO]: [DataFixerAPI] Inspecting ./world/./poi/r.-2.0.mca
[02:19:52] [ForkJoinPool.commonPool-worker-1/INFO]: [DataFixerAPI] Inspecting ./world/./region/r.-3.-1.mca
[02:19:52] [ForkJoinPool.commonPool-worker-3/INFO]: [DataFixerAPI] Inspecting ./world/./region/r.-3.0.mca
[02:19:52] [main/INFO]: [bclib] Patcher Stage... Saving Patch State%
[02:19:52] [main/INFO]: [DataFixerAPI] Updating Patch-Level for 'betternether' from 0.0.0 to 9.0.1
[02:19:52] [main/INFO]: [DataFixerAPI] Updating Patch-Level for 'bclib' from 0.0.0 to 3.0.11
[02:19:53] [main/INFO]: [bclib] Updating Pickers for BCLib - The End  BiomeSource (18140746)
[02:19:53] [main/INFO]: [bclib] Unable to build Biome List yet
[02:19:53] [main/INFO]: [bclib] No Void Biomes found. Disabling by using barrens
[02:19:53] [main/INFO]: [bclib] No Barrens Biomes found. Disabling by using land Biomes
[02:19:53] [main/WARN]: [bclib] No Center Island Biomes found. Forcing use of vanilla center.
[02:19:53] [main/INFO]: [bclib] Make sure features are loaded from terrablender:org.betterx.bclib.api.v2.generator.BCLibEndBiomeSource
[02:19:53] [main/INFO]: [bclib] Updating Pickers for BCLib - Nether BiomeSource (48290c0f)
[02:19:53] [main/INFO]: [bclib] Unable to build Biome List yet
[02:19:53] [main/INFO]: [bclib] Make sure features are loaded from terrablender:org.betterx.bclib.api.v2.generator.BCLibNetherBiomeSource
[02:19:53] [main/INFO]: [bclib] Updating Pickers for BCLib - The End  BiomeSource (2a8a2b55)
[02:19:53] [main/INFO]: [bclib] Unable to build Biome List yet
[02:19:53] [main/INFO]: [bclib] No Void Biomes found. Disabling by using barrens
[02:19:53] [main/INFO]: [bclib] No Barrens Biomes found. Disabling by using land Biomes
[02:19:53] [main/WARN]: [bclib] No Center Island Biomes found. Forcing use of vanilla center.
[02:19:53] [main/INFO]: [bclib] Make sure features are loaded from terrablender:org.betterx.bclib.api.v2.generator.BCLibEndBiomeSource
[02:19:53] [main/INFO]: [bclib] Updating Pickers for BCLib - Nether BiomeSource (24ef042c)
[02:19:53] [main/INFO]: [bclib] Unable to build Biome List yet
[02:19:53] [main/INFO]: [bclib] Make sure features are loaded from terrablender:org.betterx.bclib.api.v2.generator.BCLibNetherBiomeSource
[02:19:53] [main/INFO]: [bclib] Updating Pickers for BCLib - The End  BiomeSource (2566363e)
[02:19:53] [main/INFO]: [bclib] Unable to build Biome List yet
[02:19:53] [main/INFO]: [bclib] No Void Biomes found. Disabling by using barrens
[02:19:53] [main/INFO]: [bclib] No Barrens Biomes found. Disabling by using land Biomes
[02:19:53] [main/WARN]: [bclib] No Center Island Biomes found. Forcing use of vanilla center.
[02:19:53] [main/INFO]: [bclib] Make sure features are loaded from terrablender:org.betterx.bclib.api.v2.generator.BCLibEndBiomeSource
[02:19:53] [main/INFO]: [bclib] Updating Pickers for BCLib - Nether BiomeSource (4e75d021)
[02:19:53] [main/INFO]: [bclib] Unable to build Biome List yet
[02:19:53] [main/INFO]: [bclib] Make sure features are loaded from terrablender:org.betterx.bclib.api.v2.generator.BCLibNetherBiomeSource
[02:19:53] [main/INFO]: [bclib] Updating Pickers for BCLib - The End  BiomeSource (37a2676)
[02:19:53] [main/INFO]: [bclib] Unable to build Biome List yet
[02:19:53] [main/INFO]: [bclib] No Void Biomes found. Disabling by using barrens
[02:19:53] [main/INFO]: [bclib] No Barrens Biomes found. Disabling by using land Biomes
[02:19:53] [main/WARN]: [bclib] No Center Island Biomes found. Forcing use of vanilla center.
[02:19:53] [main/INFO]: [bclib] Make sure features are loaded from terrablender:org.betterx.bclib.api.v2.generator.BCLibEndBiomeSource
[02:19:53] [main/INFO]: [bclib] Updating Pickers for BCLib - Nether BiomeSource (234ff23c)
[02:19:53] [main/INFO]: [bclib] Unable to build Biome List yet
[02:19:53] [main/INFO]: [bclib] Make sure features are loaded from terrablender:org.betterx.bclib.api.v2.generator.BCLibNetherBiomeSource
[02:19:53] [main/INFO]: Loading config WorldgenConfig from wilderwild
[02:19:53] [main/INFO]: Saving config WorldgenConfig from wilderwild
[02:19:54] [main/INFO]: [betternether] Freeze Registry[ResourceKey[minecraft:root / worlds_together:worldgen/betterx/surface_rules] (Stable)]
[02:19:54] [main/INFO]: [betternether] Freeze Registry[ResourceKey[minecraft:root / worlds_together:worldgen/betterx/surface_rules] (Stable)]
[02:19:54] [main/INFO]: [betternether] Freeze Registry[ResourceKey[minecraft:root / worlds_together:worldgen/betterx/surface_rules] (Stable)]
[02:19:54] [main/INFO]: [betternether] Freeze Registry[ResourceKey[minecraft:root / worlds_together:worldgen/betterx/surface_rules] (Stable)]
[02:19:54] [main/WARN]: [bclib] No valid BCLBiome Registry available!
[02:19:54] [main/WARN]: [bclib] No valid Biome Registry available!
[02:19:54] [main/WARN]: Adding spell_power:fire to saved/remote registry.
[02:19:54] [main/WARN]: Adding spell_power:arcane to saved/remote registry.
[02:19:54] [main/WARN]: Adding spell_power:frost to saved/remote registry.
[02:19:54] [main/INFO]: [fabric-registry-sync] Loaded registry data [file 1/4]
[02:19:54] [main/INFO]: [bclib] Updating Pickers for BCLib - The End  BiomeSource (7b1b1dda)
[02:19:54] [main/INFO]: [bclib] Unable to build Biome List yet
[02:19:54] [main/INFO]: [bclib] No Void Biomes found. Disabling by using barrens
[02:19:54] [main/INFO]: [bclib] No Barrens Biomes found. Disabling by using land Biomes
[02:19:54] [main/WARN]: [bclib] No Center Island Biomes found. Forcing use of vanilla center.
[02:19:54] [main/INFO]: [bclib] Make sure features are loaded from terrablender:org.betterx.bclib.api.v2.generator.BCLibEndBiomeSource
[02:19:54] [main/INFO]: [bclib] Updating Pickers for BCLib - Nether BiomeSource (7fa7fa09)
[02:19:54] [main/INFO]: [bclib] Unable to build Biome List yet
[02:19:54] [main/INFO]: [bclib] Make sure features are loaded from terrablender:org.betterx.bclib.api.v2.generator.BCLibNetherBiomeSource
[02:19:54] [main/INFO]: [betternether] Freeze Registry[ResourceKey[minecraft:root / worlds_together:worldgen/betterx/surface_rules] (Stable)]
[02:19:54] [main/INFO]: [betternether] Freeze Registry[ResourceKey[minecraft:root / worlds_together:worldgen/betterx/surface_rules] (Stable)]
[02:19:55] [Worker-Main-3/ERROR]: Couldn't load tag rpg_series:tier_2_armors as it is missing following references: spellbladenext:runeblaze_head (from fabric), spellbladenext:runeblaze_chest (from fabric), spellbladenext:runeblaze_legs (from fabric), spellbladenext:runeblaze_feet (from fabric), spellbladenext:runegleam_head (from fabric), spellbladenext:runegleam_chest (from fabric), spellbladenext:runegleam_legs (from fabric), spellbladenext:runegleam_feet (from fabric), spellbladenext:runefrost_head (from fabric), spellbladenext:runefrost_chest (from fabric), spellbladenext:runefrost_legs (from fabric), spellbladenext:runefrost_feet (from fabric)
[02:19:55] [Worker-Main-3/ERROR]: Couldn't load tag rpg_series:tier_2_equipment as it is missing following references: #rpg_series:tier_2_armors (from fabric)
[02:19:58] [main/INFO]: parsing loot tables
[02:19:58] [main/INFO]: finished parsing loot tables
[02:19:58] [main/INFO]: [bclib] Disabling Recipe: bclib:test_star
[02:19:58] [main/ERROR]: Parsing error loading recipe iceandfire:delight/pixie_dust_milky_tea
com.google.gson.JsonSyntaxException: Invalid or unsupported recipe type 'farmersdelight:cooking'
	at net.minecraft.class_1863.method_17875(class_1863.java:134) ~[server-intermediary.jar:?]
	at java.util.Optional.orElseThrow(Optional.java:403) ~[?:?]
	at net.minecraft.class_1863.method_17720(class_1863.java:134) ~[server-intermediary.jar:?]
	at net.minecraft.class_1863.method_20705(class_1863.java:56) ~[server-intermediary.jar:?]
	at net.minecraft.class_1863.method_18788(class_1863.java:35) ~[server-intermediary.jar:?]
	at net.minecraft.class_4080.method_18790(class_4080.java:13) ~[server-intermediary.jar:?]
	at java.util.concurrent.CompletableFuture$UniAccept.tryFire(CompletableFuture.java:718) ~[?:?]
	at java.util.concurrent.CompletableFuture$Completion.run(CompletableFuture.java:482) ~[?:?]
	at net.minecraft.class_4014.method_18365(class_4014.java:69) ~[server-intermediary.jar:?]
	at net.minecraft.class_156.method_43498(class_156.java:950) ~[server-intermediary.jar:?]
	at net.minecraft.class_156.method_43499(class_156.java:938) ~[server-intermediary.jar:?]
	at net.minecraft.server.Main.main(Main.java:160) ~[server-intermediary.jar:?]
	at net.fabricmc.loader.impl.game.minecraft.MinecraftGameProvider.launch(MinecraftGameProvider.java:480) ~[fabric-loader-0.16.5.jar:?]
	at net.fabricmc.loader.impl.launch.knot.Knot.launch(Knot.java:74) ~[fabric-loader-0.16.5.jar:?]
	at net.fabricmc.loader.impl.launch.knot.KnotServer.main(KnotServer.java:23) ~[fabric-loader-0.16.5.jar:?]
	at net.fabricmc.loader.impl.launch.server.FabricServerLauncher.main(FabricServerLauncher.java:69) ~[fabric-loader-0.16.5.jar:?]
	at net.fabricmc.installer.ServerLauncher.main(ServerLauncher.java:69) ~[fabric-server-launch.jar:1.0.1]
[02:19:58] [main/ERROR]: Parsing error loading recipe spellbladenext:eviscerateoil
com.google.gson.JsonSyntaxException: Unknown item 'spellbladenext:eviscerateoil'
	at net.minecraft.class_1869.method_17878(class_1869.java:272) ~[server-intermediary.jar:?]
	at java.util.Optional.orElseThrow(Optional.java:403) ~[?:?]
	at net.minecraft.class_1869.method_8155(class_1869.java:272) ~[server-intermediary.jar:?]
	at net.minecraft.class_1869.method_35228(class_1869.java:259) ~[server-intermediary.jar:?]
	at net.minecraft.class_8060$class_8061.method_48455(class_8060.java:90) ~[server-intermediary.jar:?]
	at net.minecraft.class_8060$class_8061.method_8121(class_8060.java:84) ~[server-intermediary.jar:?]
	at net.minecraft.class_1863.method_17720(class_1863.java:135) ~[server-intermediary.jar:?]
	at net.minecraft.class_1863.method_20705(class_1863.java:56) ~[server-intermediary.jar:?]
	at net.minecraft.class_1863.method_18788(class_1863.java:35) ~[server-intermediary.jar:?]
	at net.minecraft.class_4080.method_18790(class_4080.java:13) ~[server-intermediary.jar:?]
	at java.util.concurrent.CompletableFuture$UniAccept.tryFire(CompletableFuture.java:718) ~[?:?]
	at java.util.concurrent.CompletableFuture$Completion.run(CompletableFuture.java:482) ~[?:?]
	at net.minecraft.class_4014.method_18365(class_4014.java:69) ~[server-intermediary.jar:?]
	at net.minecraft.class_156.method_43498(class_156.java:950) ~[server-intermediary.jar:?]
	at net.minecraft.class_156.method_43499(class_156.java:938) ~[server-intermediary.jar:?]
	at net.minecraft.server.Main.main(Main.java:160) ~[server-intermediary.jar:?]
	at net.fabricmc.loader.impl.game.minecraft.MinecraftGameProvider.launch(MinecraftGameProvider.java:480) ~[fabric-loader-0.16.5.jar:?]
	at net.fabricmc.loader.impl.launch.knot.Knot.launch(Knot.java:74) ~[fabric-loader-0.16.5.jar:?]
	at net.fabricmc.loader.impl.launch.knot.KnotServer.main(KnotServer.java:23) ~[fabric-loader-0.16.5.jar:?]
	at net.fabricmc.loader.impl.launch.server.FabricServerLauncher.main(FabricServerLauncher.java:69) ~[fabric-loader-0.16.5.jar:?]
	at net.fabricmc.installer.ServerLauncher.main(ServerLauncher.java:69) ~[fabric-server-launch.jar:1.0.1]
[02:19:59] [main/ERROR]: Parsing error loading recipe iceandfire:delight/cooked_rice_with_ice_dragon_meat
com.google.gson.JsonSyntaxException: Invalid or unsupported recipe type 'farmersdelight:cooking'
	at net.minecraft.class_1863.method_17875(class_1863.java:134) ~[server-intermediary.jar:?]
	at java.util.Optional.orElseThrow(Optional.java:403) ~[?:?]
	at net.minecraft.class_1863.method_17720(class_1863.java:134) ~[server-intermediary.jar:?]
	at net.minecraft.class_1863.method_20705(class_1863.java:56) ~[server-intermediary.jar:?]
	at net.minecraft.class_1863.method_18788(class_1863.java:35) ~[server-intermediary.jar:?]
	at net.minecraft.class_4080.method_18790(class_4080.java:13) ~[server-intermediary.jar:?]
	at java.util.concurrent.CompletableFuture$UniAccept.tryFire(CompletableFuture.java:718) ~[?:?]
	at java.util.concurrent.CompletableFuture$Completion.run(CompletableFuture.java:482) ~[?:?]
	at net.minecraft.class_4014.method_18365(class_4014.java:69) ~[server-intermediary.jar:?]
	at net.minecraft.class_156.method_43498(class_156.java:950) ~[server-intermediary.jar:?]
	at net.minecraft.class_156.method_43499(class_156.java:938) ~[server-intermediary.jar:?]
	at net.minecraft.server.Main.main(Main.java:160) ~[server-intermediary.jar:?]
	at net.fabricmc.loader.impl.game.minecraft.MinecraftGameProvider.launch(MinecraftGameProvider.java:480) ~[fabric-loader-0.16.5.jar:?]
	at net.fabricmc.loader.impl.launch.knot.Knot.launch(Knot.java:74) ~[fabric-loader-0.16.5.jar:?]
	at net.fabricmc.loader.impl.launch.knot.KnotServer.main(KnotServer.java:23) ~[fabric-loader-0.16.5.jar:?]
	at net.fabricmc.loader.impl.launch.server.FabricServerLauncher.main(FabricServerLauncher.java:69) ~[fabric-loader-0.16.5.jar:?]
	at net.fabricmc.installer.ServerLauncher.main(ServerLauncher.java:69) ~[fabric-server-launch.jar:1.0.1]
[02:19:59] [main/ERROR]: Parsing error loading recipe spellbladenext:finalstrikeoil
com.google.gson.JsonSyntaxException: Unknown item 'spellbladenext:finalstrikeoil'
	at net.minecraft.class_1869.method_17878(class_1869.java:272) ~[server-intermediary.jar:?]
	at java.util.Optional.orElseThrow(Optional.java:403) ~[?:?]
	at net.minecraft.class_1869.method_8155(class_1869.java:272) ~[server-intermediary.jar:?]
	at net.minecraft.class_1869.method_35228(class_1869.java:259) ~[server-intermediary.jar:?]
	at net.minecraft.class_8060$class_8061.method_48455(class_8060.java:90) ~[server-intermediary.jar:?]
	at net.minecraft.class_8060$class_8061.method_8121(class_8060.java:84) ~[server-intermediary.jar:?]
	at net.minecraft.class_1863.method_17720(class_1863.java:135) ~[server-intermediary.jar:?]
	at net.minecraft.class_1863.method_20705(class_1863.java:56) ~[server-intermediary.jar:?]
	at net.minecraft.class_1863.method_18788(class_1863.java:35) ~[server-intermediary.jar:?]
	at net.minecraft.class_4080.method_18790(class_4080.java:13) ~[server-intermediary.jar:?]
	at java.util.concurrent.CompletableFuture$UniAccept.tryFire(CompletableFuture.java:718) ~[?:?]
	at java.util.concurrent.CompletableFuture$Completion.run(CompletableFuture.java:482) ~[?:?]
	at net.minecraft.class_4014.method_18365(class_4014.java:69) ~[server-intermediary.jar:?]
	at net.minecraft.class_156.method_43498(class_156.java:950) ~[server-intermediary.jar:?]
	at net.minecraft.class_156.method_43499(class_156.java:938) ~[server-intermediary.jar:?]
	at net.minecraft.server.Main.main(Main.java:160) ~[server-intermediary.jar:?]
	at net.fabricmc.loader.impl.game.minecraft.MinecraftGameProvider.launch(MinecraftGameProvider.java:480) ~[fabric-loader-0.16.5.jar:?]
	at net.fabricmc.loader.impl.launch.knot.Knot.launch(Knot.java:74) ~[fabric-loader-0.16.5.jar:?]
	at net.fabricmc.loader.impl.launch.knot.KnotServer.main(KnotServer.java:23) ~[fabric-loader-0.16.5.jar:?]
	at net.fabricmc.loader.impl.launch.server.FabricServerLauncher.main(FabricServerLauncher.java:69) ~[fabric-loader-0.16.5.jar:?]
	at net.fabricmc.installer.ServerLauncher.main(ServerLauncher.java:69) ~[fabric-server-launch.jar:1.0.1]
[02:19:59] [main/ERROR]: Parsing error loading recipe spellbladenext:flickerstrikeoil
com.google.gson.JsonSyntaxException: Unknown item 'spellbladenext:flickerstrikeoil'
	at net.minecraft.class_1869.method_17878(class_1869.java:272) ~[server-intermediary.jar:?]
	at java.util.Optional.orElseThrow(Optional.java:403) ~[?:?]
	at net.minecraft.class_1869.method_8155(class_1869.java:272) ~[server-intermediary.jar:?]
	at net.minecraft.class_1869.method_35228(class_1869.java:259) ~[server-intermediary.jar:?]
	at net.minecraft.class_8060$class_8061.method_48455(class_8060.java:90) ~[server-intermediary.jar:?]
	at net.minecraft.class_8060$class_8061.method_8121(class_8060.java:84) ~[server-intermediary.jar:?]
	at net.minecraft.class_1863.method_17720(class_1863.java:135) ~[server-intermediary.jar:?]
	at net.minecraft.class_1863.method_20705(class_1863.java:56) ~[server-intermediary.jar:?]
	at net.minecraft.class_1863.method_18788(class_1863.java:35) ~[server-intermediary.jar:?]
	at net.minecraft.class_4080.method_18790(class_4080.java:13) ~[server-intermediary.jar:?]
	at java.util.concurrent.CompletableFuture$UniAccept.tryFire(CompletableFuture.java:718) ~[?:?]
	at java.util.concurrent.CompletableFuture$Completion.run(CompletableFuture.java:482) ~[?:?]
	at net.minecraft.class_4014.method_18365(class_4014.java:69) ~[server-intermediary.jar:?]
	at net.minecraft.class_156.method_43498(class_156.java:950) ~[server-intermediary.jar:?]
	at net.minecraft.class_156.method_43499(class_156.java:938) ~[server-intermediary.jar:?]
	at net.minecraft.server.Main.main(Main.java:160) ~[server-intermediary.jar:?]
	at net.fabricmc.loader.impl.game.minecraft.MinecraftGameProvider.launch(MinecraftGameProvider.java:480) ~[fabric-loader-0.16.5.jar:?]
	at net.fabricmc.loader.impl.launch.knot.Knot.launch(Knot.java:74) ~[fabric-loader-0.16.5.jar:?]
	at net.fabricmc.loader.impl.launch.knot.KnotServer.main(KnotServer.java:23) ~[fabric-loader-0.16.5.jar:?]
	at net.fabricmc.loader.impl.launch.server.FabricServerLauncher.main(FabricServerLauncher.java:69) ~[fabric-loader-0.16.5.jar:?]
	at net.fabricmc.installer.ServerLauncher.main(ServerLauncher.java:69) ~[fabric-server-launch.jar:1.0.1]
[02:19:59] [main/ERROR]: Parsing error loading recipe iceandfire:delight/cooked_rice_with_lightning_dragon_meat
com.google.gson.JsonSyntaxException: Invalid or unsupported recipe type 'farmersdelight:cooking'
	at net.minecraft.class_1863.method_17875(class_1863.java:134) ~[server-intermediary.jar:?]
	at java.util.Optional.orElseThrow(Optional.java:403) ~[?:?]
	at net.minecraft.class_1863.method_17720(class_1863.java:134) ~[server-intermediary.jar:?]
	at net.minecraft.class_1863.method_20705(class_1863.java:56) ~[server-intermediary.jar:?]
	at net.minecraft.class_1863.method_18788(class_1863.java:35) ~[server-intermediary.jar:?]
	at net.minecraft.class_4080.method_18790(class_4080.java:13) ~[server-intermediary.jar:?]
	at java.util.concurrent.CompletableFuture$UniAccept.tryFire(CompletableFuture.java:718) ~[?:?]
	at java.util.concurrent.CompletableFuture$Completion.run(CompletableFuture.java:482) ~[?:?]
	at net.minecraft.class_4014.method_18365(class_4014.java:69) ~[server-intermediary.jar:?]
	at net.minecraft.class_156.method_43498(class_156.java:950) ~[server-intermediary.jar:?]
	at net.minecraft.class_156.method_43499(class_156.java:938) ~[server-intermediary.jar:?]
	at net.minecraft.server.Main.main(Main.java:160) ~[server-intermediary.jar:?]
	at net.fabricmc.loader.impl.game.minecraft.MinecraftGameProvider.launch(MinecraftGameProvider.java:480) ~[fabric-loader-0.16.5.jar:?]
	at net.fabricmc.loader.impl.launch.knot.Knot.launch(Knot.java:74) ~[fabric-loader-0.16.5.jar:?]
	at net.fabricmc.loader.impl.launch.knot.KnotServer.main(KnotServer.java:23) ~[fabric-loader-0.16.5.jar:?]
	at net.fabricmc.loader.impl.launch.server.FabricServerLauncher.main(FabricServerLauncher.java:69) ~[fabric-loader-0.16.5.jar:?]
	at net.fabricmc.installer.ServerLauncher.main(ServerLauncher.java:69) ~[fabric-server-launch.jar:1.0.1]
[02:19:59] [main/ERROR]: Parsing error loading recipe iceandfire:delight/ghost_cream
com.google.gson.JsonSyntaxException: Invalid or unsupported recipe type 'farmersdelight:cooking'
	at net.minecraft.class_1863.method_17875(class_1863.java:134) ~[server-intermediary.jar:?]
	at java.util.Optional.orElseThrow(Optional.java:403) ~[?:?]
	at net.minecraft.class_1863.method_17720(class_1863.java:134) ~[server-intermediary.jar:?]
	at net.minecraft.class_1863.method_20705(class_1863.java:56) ~[server-intermediary.jar:?]
	at net.minecraft.class_1863.method_18788(class_1863.java:35) ~[server-intermediary.jar:?]
	at net.minecraft.class_4080.method_18790(class_4080.java:13) ~[server-intermediary.jar:?]
	at java.util.concurrent.CompletableFuture$UniAccept.tryFire(CompletableFuture.java:718) ~[?:?]
	at java.util.concurrent.CompletableFuture$Completion.run(CompletableFuture.java:482) ~[?:?]
	at net.minecraft.class_4014.method_18365(class_4014.java:69) ~[server-intermediary.jar:?]
	at net.minecraft.class_156.method_43498(class_156.java:950) ~[server-intermediary.jar:?]
	at net.minecraft.class_156.method_43499(class_156.java:938) ~[server-intermediary.jar:?]
	at net.minecraft.server.Main.main(Main.java:160) ~[server-intermediary.jar:?]
	at net.fabricmc.loader.impl.game.minecraft.MinecraftGameProvider.launch(MinecraftGameProvider.java:480) ~[fabric-loader-0.16.5.jar:?]
	at net.fabricmc.loader.impl.launch.knot.Knot.launch(Knot.java:74) ~[fabric-loader-0.16.5.jar:?]
	at net.fabricmc.loader.impl.launch.knot.KnotServer.main(KnotServer.java:23) ~[fabric-loader-0.16.5.jar:?]
	at net.fabricmc.loader.impl.launch.server.FabricServerLauncher.main(FabricServerLauncher.java:69) ~[fabric-loader-0.16.5.jar:?]
	at net.fabricmc.installer.ServerLauncher.main(ServerLauncher.java:69) ~[fabric-server-launch.jar:1.0.1]
[02:19:59] [main/ERROR]: Parsing error loading recipe iceandfire:delight/cooked_rice_with_fire_dragon_meat
com.google.gson.JsonSyntaxException: Invalid or unsupported recipe type 'farmersdelight:cooking'
	at net.minecraft.class_1863.method_17875(class_1863.java:134) ~[server-intermediary.jar:?]
	at java.util.Optional.orElseThrow(Optional.java:403) ~[?:?]
	at net.minecraft.class_1863.method_17720(class_1863.java:134) ~[server-intermediary.jar:?]
	at net.minecraft.class_1863.method_20705(class_1863.java:56) ~[server-intermediary.jar:?]
	at net.minecraft.class_1863.method_18788(class_1863.java:35) ~[server-intermediary.jar:?]
	at net.minecraft.class_4080.method_18790(class_4080.java:13) ~[server-intermediary.jar:?]
	at java.util.concurrent.CompletableFuture$UniAccept.tryFire(CompletableFuture.java:718) ~[?:?]
	at java.util.concurrent.CompletableFuture$Completion.run(CompletableFuture.java:482) ~[?:?]
	at net.minecraft.class_4014.method_18365(class_4014.java:69) ~[server-intermediary.jar:?]
	at net.minecraft.class_156.method_43498(class_156.java:950) ~[server-intermediary.jar:?]
	at net.minecraft.class_156.method_43499(class_156.java:938) ~[server-intermediary.jar:?]
	at net.minecraft.server.Main.main(Main.java:160) ~[server-intermediary.jar:?]
	at net.fabricmc.loader.impl.game.minecraft.MinecraftGameProvider.launch(MinecraftGameProvider.java:480) ~[fabric-loader-0.16.5.jar:?]
	at net.fabricmc.loader.impl.launch.knot.Knot.launch(Knot.java:74) ~[fabric-loader-0.16.5.jar:?]
	at net.fabricmc.loader.impl.launch.knot.KnotServer.main(KnotServer.java:23) ~[fabric-loader-0.16.5.jar:?]
	at net.fabricmc.loader.impl.launch.server.FabricServerLauncher.main(FabricServerLauncher.java:69) ~[fabric-loader-0.16.5.jar:?]
	at net.fabricmc.installer.ServerLauncher.main(ServerLauncher.java:69) ~[fabric-server-launch.jar:1.0.1]
[02:19:59] [main/INFO]: Loaded 9 recipes
[02:19:59] [main/INFO]: Loaded 3960 advancements
[02:19:59] [main/INFO]: Loaded 0 item attribute modifiers
[02:19:59] [main/INFO]: Reloading config...
[02:19:59] [main/INFO]: Loaded 44 chiseling recipes
[02:19:59] [ForkJoinPool.commonPool-worker-3/INFO]: Loaded 58 translation keys
[02:19:59] [main/INFO]: Loaded 3 global temperature effects
[02:19:59] [main/INFO]: Loaded 12 type specific temperature effects
[02:19:59] [main/WARN]: Not all defined tags for registry ResourceKey[minecraft:root / minecraft:block] are present in data pack: 1_splatus:spellbound/hot
[02:19:59] [main/ERROR]: [worlds_together] Unable to parse Version in jar:file:///workspaces/Minecraft_branch/servidor_minecraft/mods/dungeons-and-taverns-3.0.3.f.jar
[02:19:59] [main/ERROR]: [worlds_together] Unable to parse Version in jar:file:///workspaces/Minecraft_branch/servidor_minecraft/mods/travelersbackpack-fabric-1.20.1-9.1.16.jar
[02:19:59] [main/ERROR]: [worlds_together] Unable to parse Version in jar:file:///workspaces/Minecraft_branch/servidor_minecraft/mods/ultris-v5.6.9c.jar
[02:19:59] [main/ERROR]: [worlds_together] Unable to parse Version in jar:file:///workspaces/Minecraft_branch/servidor_minecraft/mods/iris-flywheel-compat-fabric1.20.1+1.1.3a.jar
[02:19:59] [main/INFO]: [bclib] Updating Pickers for BCLib - The End  BiomeSource (7b1b1dda)
[02:19:59] [main/INFO]: [bclib] Updating Pickers for BCLib - Nether BiomeSource (7fa7fa09)
[02:20:00] [main/INFO]: Initialized TerraBlender biomes for level stem minecraft:overworld
[02:20:00] [main/INFO]: Applied 9565 biome modifications to 219 of 219 new biomes in 303.5 ms
[02:20:00] [Server thread/INFO]: Loading server config for mutantmonsters
[02:20:00] [Thread-7/INFO]: Reloading server config for mutantmonsters
[02:20:00] [Thread-7/INFO]: Reloading server config for mutantmonsters
[02:20:00] [Server thread/INFO]: loaded team data: 1 known players, 1 teams total
[02:20:00] [Server thread/INFO]: [Quilt DFU API] Serverside DataFixer Registry is about to freeze
[02:20:00] [Server thread/INFO]: [Quilt DFU API] Serverside DataFixer Registry was frozen
[02:20:00] [Server thread/INFO]: [puffish_skills] Configuration loaded successfully!
[02:20:00] [Server thread/INFO]: [puffish_skills] Data pack `simplyskills` loaded successfully!
[02:20:00] [Server thread/INFO]: Initializing environment controller...
[02:20:01] [Server thread/INFO]: Saving config MixinsConfig from wilderwild
[02:20:01] [Server thread/INFO]: Saving config BlockConfig from wilderwild
[02:20:01] [Server thread/INFO]: Saving config EntityConfig from wilderwild
[02:20:01] [Server thread/INFO]: Saving config FrozenLibConfig from frozenlib
[02:20:01] [Server thread/INFO]: Saving config AmbienceAndMiscConfig from wilderwild
[02:20:01] [Server thread/INFO]: Saving config WorldgenConfig from wilderwild
[02:20:01] [Server thread/INFO]: Starting minecraft server version 1.20.1
[02:20:01] [Server thread/INFO]: Loading properties
[02:20:01] [Server thread/INFO]: Default game type: SURVIVAL
[02:20:01] [Server thread/INFO]: Generating keypair
[02:20:01] [Server thread/INFO]: Starting Minecraft server on *:25565
[02:20:01] [Server thread/INFO]: Using epoll channel type
[02:20:01] [Server thread/WARN]: **** SERVER IS RUNNING IN OFFLINE/INSECURE MODE!
[02:20:01] [Server thread/WARN]: The server will make no attempt to authenticate usernames. Beware.
[02:20:01] [Server thread/WARN]: While this makes the game possible to play without internet access, it also opens up the ability for hackers to connect with any username they choose.
[02:20:01] [Server thread/WARN]: To change this, set "online-mode" to "true" in the server.properties file.
[02:20:01] [Server thread/INFO]: [betternether] Freeze Registry[ResourceKey[minecraft:root / worlds_together:worldgen/betterx/surface_rules] (Stable)]
[02:20:01] [Server thread/INFO]: Preparing level "world"
[02:20:01] [Server thread/INFO]: [bclib] 
Apply Modifications for minecraft:the_end
    BCLib - The End  BiomeSource (7b1b1dda)
        biomes     = 5
        namespaces = minecraft(5)
        seed       = -6301479421605990931
        height     = 128
        deciders   = 0
        config     = BCLEndBiomeSourceConfig{mapVersion=hex, generatorVersion=vanilla, withVoidBiomes=true, innerVoidRadiusSquared=1048576, voidBiomesSize=256, centerBiomesSize=256, landBiomesSize=256, barrensBiomesSize=256}
[02:20:01] [Server thread/INFO]: [bclib] 
Apply Modifications for spellbladenext:glassocean
    class_1992 (3050046e)
        biomes     = 1
        namespaces = spellbladenext(1)
[02:20:01] [Server thread/INFO]: [bclib] 
Apply Modifications for minecraft:overworld
    class_4766 (2d793c79)
        biomes     = 175
        namespaces = minecraft(53), terralith(94), wilderwild(27), spawn(1)
[02:20:01] [Server thread/INFO]: [bclib] 
Apply Modifications for deeperdarker:otherside
    class_4766 (6188b2b3)
        biomes     = 4
        namespaces = deeperdarker(4)
[02:20:01] [Server thread/INFO]: [bclib] 
Apply Modifications for minecraft:the_nether
    BCLib - Nether BiomeSource (7fa7fa09)
        biomes     = 27
        namespaces = betternether(22), minecraft(5)
        seed       = -6301479421605990931
        height     = 128
        config     = BCLibNetherBiomeSourceConfig{mapVersion=hex, useVerticalBiomes=true, amplified=false, biomeSize=256, biomeSizeVertical=86}
[02:20:01] [Server thread/INFO]: [bclib] World Dimensions: 
 - minecraft:the_end: 
     BCLib - Chunk Generator (248311e5) 
     BCLib - The End  BiomeSource (7b1b1dda)
         biomes     = 5
         namespaces = minecraft(5)
         seed       = -6301479421605990931
         height     = 128
         deciders   = 0
         config     = BCLEndBiomeSourceConfig{mapVersion=hex, generatorVersion=vanilla, withVoidBiomes=true, innerVoidRadiusSquared=1048576, voidBiomesSize=256, centerBiomesSize=256, landBiomesSize=256, barrensBiomesSize=256}
 - spellbladenext:glassocean: 
     net.minecraft.class_2897@4e26cd55 
     class_1992 (3050046e)
         biomes     = 1
         namespaces = spellbladenext(1)
 - minecraft:overworld: 
     net.minecraft.class_3754@5a9c508b 
     class_4766 (2d793c79)
         biomes     = 175
         namespaces = minecraft(53), terralith(94), wilderwild(27), spawn(1)
 - deeperdarker:otherside: 
     net.minecraft.class_3754@193c87b2 
     class_4766 (6188b2b3)
         biomes     = 4
         namespaces = deeperdarker(4)
 - minecraft:the_nether: 
     BCLib - Chunk Generator (34a2202c) 
     BCLib - Nether BiomeSource (7fa7fa09)
         biomes     = 27
         namespaces = betternether(22), minecraft(5)
         seed       = -6301479421605990931
         height     = 128
         config     = BCLibNetherBiomeSourceConfig{mapVersion=hex, useVerticalBiomes=true, amplified=false, biomeSize=256, biomeSizeVertical=86}
[02:20:01] [Server thread/INFO]: [bclib] Merged 22 additional Surface Rules for 
BCLib - Nether BiomeSource (7fa7fa09)
    biomes     = 27
    namespaces = betternether(22), minecraft(5)
    seed       = -6301479421605990931
    height     = 128
    config     = BCLibNetherBiomeSourceConfig{mapVersion=hex, useVerticalBiomes=true, amplified=false, biomeSize=256, biomeSizeVertical=86} => 74
[02:20:01] [Server thread/INFO]: Wilder Wild's Overworld Surface Rules have been added!
[02:20:01] [Server thread/INFO]: Wilder Wild's No Preliminary Surface Overworld Surface Rules have been added!
[02:20:01] [Server thread/INFO]: Enforcing safe world random access
[02:20:01] [Server thread/INFO]: [Surveyor] Loading data for minecraft:overworld
[02:20:01] [Server thread/INFO]: [Surveyor] Finished loading data for minecraft:overworld
[02:20:02] [Server thread/INFO]: [Surveyor] Loading data for minecraft:the_end
[02:20:02] [Server thread/INFO]: [Surveyor] Finished loading data for minecraft:the_end
[02:20:06] [Server thread/INFO]: [Surveyor] Loading data for spellbladenext:glassocean
[02:20:06] [Server thread/INFO]: [Surveyor] Finished loading data for spellbladenext:glassocean
[02:20:06] [Server thread/INFO]: [Surveyor] Loading data for deeperdarker:otherside
[02:20:06] [Server thread/INFO]: [Surveyor] Finished loading data for deeperdarker:otherside
[02:20:06] [Server thread/INFO]: [Surveyor] Loading data for minecraft:the_nether
[02:20:06] [Server thread/INFO]: [Surveyor] Finished loading data for minecraft:the_nether
[02:20:06] [Server thread/INFO]: Preparing start region for dimension minecraft:overworld
[02:20:10] [Server thread/INFO]: Time elapsed: 3532555 ms
[02:20:10] [Server thread/INFO]: Done (8.733s)! For help, type "help"
[02:20:10] [Server thread/WARN]: Dedicated server took 39.403 seconds to load
[02:20:10] [Server thread/INFO]: [STDOUT]: Encoded SpellRegistry size (with package overhead): 345941 bytes (in 35 string chunks with the size of 10000)
[02:20:10] [Server thread/INFO]: Loaded 0 items attribute modifier(s)
[02:20:10] [Server thread/INFO]: Loaded values for 60 compatible attributes.
[02:20:10] [Server thread/INFO]: Loaded 60 values from config.
[02:20:10] [Server thread/INFO]: Saving config file. 60 entries.
[02:20:10] [Server thread/INFO]: Applying changes for 60 attributes.
[02:20:10] [Server thread/INFO]: Possible world ids: spellbladenext:glassocean,minecraft:overworld,minecraft:the_end,deeperdarker:otherside,minecraft:the_nether
[02:20:10] [Server thread/INFO]: Configured `rtp_enabled_worlds` world ids: minecraft:overworld
[02:20:10] [Server thread/INFO]: All configured `rtp_enabled_worlds` world ids are valid.
[02:20:12] [Server thread/WARN]: Method overwrite conflict for computeValue in spellbladenext.mixins.json:AttributeMixin from mod spellbladenext, previously written by com.extraspellattributes.mixin.AttributeMixin. Skipping method.
[02:20:12] [Server thread/WARN]: Method overwrite conflict for computeAdded in spellbladenext.mixins.json:AttributeMixin from mod spellbladenext, previously written by com.extraspellattributes.mixin.AttributeMixin. Skipping method.
[02:26:22] [Server thread/INFO]: Piochiken[/100.108.0.36:20872] logged in with entity id 226 at (-1222.596984589161, 80.0, 509.8507081284858)
[02:26:22] [Server thread/INFO]: [STDOUT]: Ce : player joined, pausing chunky
[02:26:22] [Server thread/INFO]: [Chunky] No tasks to pause.
[02:26:22] [Server thread/INFO]: Loading config from file...
[02:26:22] [Server thread/INFO]: [betternether] Freeze Registry[ResourceKey[minecraft:root / worlds_together:worldgen/betterx/surface_rules] (Stable)]
[02:26:22] [Server thread/INFO]: [Essential Commands] Loading PlayerData for player with uuid 'c61e6440-297b-33db-9ce8-1224c93a6a25'.
[02:26:22] [Server thread/INFO]: Piochiken joined the game
[02:26:23] [Server thread/INFO]: [Essential Commands] Loading PlayerProfile for player with uuid 'c61e6440-297b-33db-9ce8-1224c93a6a25'.
[02:26:24] [Netty Epoll Server IO #2/INFO]: [do_a_barrel_roll] Client of Piochiken accepted server config.
[02:26:24] [Server thread/INFO]: [betternether] Freeze Registry[ResourceKey[minecraft:root / worlds_together:worldgen/betterx/surface_rules] (Stable)]
[02:26:24] [Server thread/INFO]: [bclib] Received Hello from Client. (server=3.0.14, client=3.0.14)
[02:26:24] [Server thread/INFO]: [bclib] Sending Hello to Client. (server=3.0.14)
[02:26:24] [Server thread/INFO]: [bclib] 	- Listing Mod bclib v3.0.14 (size: 2.2 MiB, download=true)
[02:26:24] [Server thread/INFO]: [bclib] 	- Listing Mod betternether v9.0.10 (size: 21.9 MiB, download=true)
[02:26:24] [Server thread/INFO]: [bclib] 	- Offering Config bclib.CONFIG_betternether.main
[02:26:24] [Server thread/INFO]: [bclib] 	- Offering Config bclib.CONFIG_betternether.generator
[02:26:24] [Server thread/INFO]: [bclib] 	- Offering Config bclib.CONFIG_betternether.blocks
[02:26:24] [Server thread/INFO]: [bclib] 	- Offering Config bclib.CONFIG_betternether.items
[02:26:24] [Server thread/INFO]: [bclib] 	- Offering Config bclib.CONFIG_betternether.biomes
[02:26:24] [Server thread/INFO]: [bclib] 	- Offering Config bclib.CONFIG_betternether.mobs
[02:26:24] [Server thread/INFO]: [bclib] 	- Offering Config bclib.CONFIG_bclib.generator
[02:26:24] [Server thread/INFO]: [bclib] 	- Offering Config bclib.CONFIG_bclib.main
[02:26:24] [Server thread/INFO]: [bclib] 	- Offering Config bclib.CONFIG_bclib.biomes
[02:26:24] [Server thread/INFO]: [bclib] 	- Offering Folder /workspaces/Minecraft_branch/servidor_minecraft/bclib-sync (allowDelete=true)
[02:26:24] [Server thread/WARN]: Can't keep up! Is the server overloaded? Running 2004ms or 40 ticks behind
[02:26:27] [Worker-Main-6/INFO]: Changed SurfaceRuleManager map type
[02:26:27] [Worker-Main-6/INFO]: Optimizing surface rules
[02:26:27] [Worker-Main-6/INFO]: Wilder Wild's Overworld Surface Rules have been added!
[02:26:27] [Worker-Main-6/INFO]: Wilder Wild's No Preliminary Surface Overworld Surface Rules have been added!
[02:26:39] [Server thread/INFO]: Piochiken was shot by Skeleton
[02:26:41] [Server thread/WARN]: Can't keep up! Is the server overloaded? Running 2025ms or 40 ticks behind
[02:26:44] [Netty Epoll Server IO #2/INFO]: [do_a_barrel_roll] Client of Piochiken accepted server config.
[02:26:50] [Server thread/INFO]: Loading config ItemConfig from wilderwild
[02:26:50] [Server thread/INFO]: Saving config ItemConfig from wilderwild
[02:27:07] [Server thread/INFO]: Piochiken lost connection: Disconnected
[02:27:07] [Server thread/INFO]: Piochiken left the game
